I, [2014-07-09T15:50:42.653592 #78586]  INFO -- Kitchen: -----> Starting Kitchen (v1.2.1)
I, [2014-07-09T15:50:43.145858 #78586]  INFO -- Kitchen: -----> Creating <default-centos-65>...
I, [2014-07-09T15:53:06.883981 #78586]  INFO -- Kitchen: -----> Converging <default-centos-65>...
I, [2014-07-09T15:54:14.606153 #78586]  INFO -- Kitchen: -----> Kitchen is finished. (3m31.95s)
I, [2014-07-09T15:59:32.708503 #16734]  INFO -- Kitchen: -----> Starting Kitchen (v1.2.1)
I, [2014-07-09T15:59:33.753358 #16734]  INFO -- Kitchen: -----> Converging <default-centos-65>...
E, [2014-07-09T15:59:58.688921 #16734] ERROR -- Kitchen: Converge failed on instance <default-centos-65>.
I, [2014-07-09T16:01:06.515047 #22237]  INFO -- Kitchen: -----> Starting Kitchen (v1.2.1)
I, [2014-07-09T16:01:07.844535 #22237]  INFO -- Kitchen: -----> Converging <default-centos-65>...
E, [2014-07-09T16:01:37.846993 #22237] ERROR -- Kitchen: Converge failed on instance <default-centos-65>.
I, [2014-07-09T16:02:22.234626 #26722]  INFO -- Kitchen: -----> Starting Kitchen (v1.2.1)
I, [2014-07-09T16:02:23.584672 #26722]  INFO -- Kitchen: -----> Converging <default-centos-65>...
I, [2014-07-09T16:07:36.375629 #26722]  INFO -- Kitchen: -----> Kitchen is finished. (5m14.14s)
I, [2014-07-09T16:11:06.489847 #66378]  INFO -- Kitchen: -----> Starting Kitchen (v1.2.1)
I, [2014-07-09T16:11:08.349166 #66378]  INFO -- Kitchen: -----> Converging <default-centos-65>...
I, [2014-07-09T16:12:32.927556 #66378]  INFO -- Kitchen: -----> Kitchen is finished. (1m26.44s)
I, [2014-07-09T16:15:27.590365 #88721]  INFO -- Kitchen: -----> Starting Kitchen (v1.2.1)
I, [2014-07-09T16:15:29.172893 #88721]  INFO -- Kitchen: -----> Converging <default-centos-65>...
I, [2014-07-09T16:16:58.395690 #88721]  INFO -- Kitchen: -----> Kitchen is finished. (1m30.80s)
I, [2014-07-09T16:18:15.880419 #2921]  INFO -- Kitchen: -----> Starting Kitchen (v1.2.1)
I, [2014-07-09T16:18:17.417766 #2921]  INFO -- Kitchen: -----> Converging <default-centos-65>...
I, [2014-07-09T16:19:52.266026 #2921]  INFO -- Kitchen: -----> Kitchen is finished. (1m36.39s)
I, [2014-07-09T16:21:06.048821 #13041]  INFO -- Kitchen: -----> Starting Kitchen (v1.2.1)
I, [2014-07-09T16:21:07.399735 #13041]  INFO -- Kitchen: -----> Converging <default-centos-65>...
I, [2014-07-09T16:25:04.570287 #13041]  INFO -- Kitchen: -----> Kitchen is finished. (3m58.52s)
I, [2014-07-09T16:27:33.469977 #35549]  INFO -- Kitchen: -----> Starting Kitchen (v1.2.1)
I, [2014-07-09T16:27:34.830419 #35549]  INFO -- Kitchen: -----> Converging <default-centos-65>...
I, [2014-07-09T16:48:12.796729 #35549]  INFO -- Kitchen: -----> Kitchen is finished. (20m39.33s)
I, [2014-07-09T17:05:36.279668 #6550]  INFO -- Kitchen: -----> Starting Kitchen (v1.2.1)
I, [2014-07-09T17:05:37.330952 #6550]  INFO -- Kitchen: -----> Destroying <default-centos-65>...
I, [2014-07-09T17:05:43.135024 #6550]  INFO -- Kitchen: -----> Kitchen is finished. (0m6.85s)
